<?xml version="1.0" encoding="UTF-8"?>
<!-- Generated by org.testng.reporters.JUnitReportReporter -->
<testsuite skipped="0" hostname="WINDOWS-RUHM1NF" name="Tiwari.Cucumber.AppTest" tests="1" failures="0" timestamp="2020-04-13T18:41:48 IST" time="0.054" errors="0">
  <testcase name="shouldAnswerWithTrue" time="0.054" classname="Tiwari.Cucumber.AppTest"/>
  <system-out/>
</testsuite> <!-- Tiwari.Cucumber.AppTest -->
